<?xml version="1.0" encoding="UTF-8"?>
<!-- Generated by org.testng.reporters.JUnitReportReporter -->
<testsuite skipped="0" hostname="DESKTOP-5JHV4KP" name="Gittesting.testgit.first" tests="1" failures="0" timestamp="08 Jun 2020 15:42:50 GMT" time="12.415" errors="0">
  <testcase name="team" time="12.415" classname="Gittesting.testgit.first"/>
</testsuite> <!-- Gittesting.testgit.first -->
