<?xml version="1.0" encoding="UTF-8"?>
<!-- Generated by org.testng.reporters.JUnitReportReporter -->
<testsuite skipped="0" hostname="DESKTOP-5JHV4KP" name="com.qa.tests.LoginTests" tests="2" failures="0" timestamp="21 May 2020 14:13:11 GMT" time="87.868" errors="0">
  <testcase name="validUser" time="37.790" classname="com.qa.tests.LoginTests"/>
  <testcase name="invalidUser" time="50.078" classname="com.qa.tests.LoginTests"/>
</testsuite> <!-- com.qa.tests.LoginTests -->
