<?xml version="1.0" encoding="UTF-8"?>
<!-- Generated by org.testng.reporters.JUnitReportReporter -->
<testsuite skipped="0" hostname="DESKTOP-5JHV4KP" name="com.qa.tests.LogindetailpageTests" tests="7" failures="0" timestamp="21 May 2020 14:13:11 GMT" time="160.350" errors="0">
  <testcase name="weeklyss" time="28.186" classname="com.qa.tests.LogindetailpageTests"/>
  <testcase name="photosss" time="23.275" classname="com.qa.tests.LogindetailpageTests"/>
  <testcase name="shopproducts" time="22.490" classname="com.qa.tests.LogindetailpageTests"/>
  <testcase name="swipeaddpre" time="20.724" classname="com.qa.tests.LogindetailpageTests"/>
  <testcase name="preschecks" time="22.569" classname="com.qa.tests.LogindetailpageTests"/>
  <testcase name="findstore" time="22.478" classname="com.qa.tests.LogindetailpageTests"/>
  <testcase name="logochecks" time="20.628" classname="com.qa.tests.LogindetailpageTests"/>
</testsuite> <!-- com.qa.tests.LogindetailpageTests -->
